mode: atomic
github.com/alexeevoi/pgbouncer-exporter/internal/pgbrepo/pgbrepo.go:26.39,28.2 1 3
github.com/alexeevoi/pgbouncer-exporter/internal/pgbrepo/pgbrepo.go:31.52,32.23 1 41
github.com/alexeevoi/pgbouncer-exporter/internal/pgbrepo/pgbrepo.go:33.13,34.25 1 22
github.com/alexeevoi/pgbouncer-exporter/internal/pgbrepo/pgbrepo.go:35.15,36.16 1 0
github.com/alexeevoi/pgbouncer-exporter/internal/pgbrepo/pgbrepo.go:37.17,38.32 1 1
github.com/alexeevoi/pgbouncer-exporter/internal/pgbrepo/pgbrepo.go:39.14,42.17 3 15
github.com/alexeevoi/pgbouncer-exporter/internal/pgbrepo/pgbrepo.go:45.3,45.21 1 15
github.com/alexeevoi/pgbouncer-exporter/internal/pgbrepo/pgbrepo.go:46.11,47.25 1 1
github.com/alexeevoi/pgbouncer-exporter/internal/pgbrepo/pgbrepo.go:48.10,49.56 1 2
github.com/alexeevoi/pgbouncer-exporter/internal/pgbrepo/pgbrepo.go:42.17,44.4 1 0
github.com/alexeevoi/pgbouncer-exporter/internal/pgbrepo/pgbrepo.go:52.45,53.18 1 5
github.com/alexeevoi/pgbouncer-exporter/internal/pgbrepo/pgbrepo.go:54.17,55.11 1 1
github.com/alexeevoi/pgbouncer-exporter/internal/pgbrepo/pgbrepo.go:56.21,57.11 1 1
github.com/alexeevoi/pgbouncer-exporter/internal/pgbrepo/pgbrepo.go:58.19,59.11 1 2
github.com/alexeevoi/pgbouncer-exporter/internal/pgbrepo/pgbrepo.go:60.10,61.11 1 1
github.com/alexeevoi/pgbouncer-exporter/internal/pgbrepo/pgbrepo.go:66.78,67.17 1 4
github.com/alexeevoi/pgbouncer-exporter/internal/pgbrepo/pgbrepo.go:75.2,75.55 1 1
github.com/alexeevoi/pgbouncer-exporter/internal/pgbrepo/pgbrepo.go:68.15,69.39 1 1
github.com/alexeevoi/pgbouncer-exporter/internal/pgbrepo/pgbrepo.go:70.15,71.38 1 1
github.com/alexeevoi/pgbouncer-exporter/internal/pgbrepo/pgbrepo.go:72.15,73.39 1 1
github.com/alexeevoi/pgbouncer-exporter/internal/pgbrepo/pgbrepo.go:80.103,84.16 3 3
github.com/alexeevoi/pgbouncer-exporter/internal/pgbrepo/pgbrepo.go:88.2,90.16 3 3
github.com/alexeevoi/pgbouncer-exporter/internal/pgbrepo/pgbrepo.go:94.2,96.22 3 3
github.com/alexeevoi/pgbouncer-exporter/internal/pgbrepo/pgbrepo.go:99.2,99.47 1 3
github.com/alexeevoi/pgbouncer-exporter/internal/pgbrepo/pgbrepo.go:84.16,86.3 1 0
github.com/alexeevoi/pgbouncer-exporter/internal/pgbrepo/pgbrepo.go:90.16,92.3 1 0
github.com/alexeevoi/pgbouncer-exporter/internal/pgbrepo/pgbrepo.go:96.22,98.3 1 29
github.com/alexeevoi/pgbouncer-exporter/internal/pgbrepo/pgbrepo.go:105.83,109.16 3 1
github.com/alexeevoi/pgbouncer-exporter/internal/pgbrepo/pgbrepo.go:113.2,113.18 1 1
github.com/alexeevoi/pgbouncer-exporter/internal/pgbrepo/pgbrepo.go:144.2,144.27 1 1
github.com/alexeevoi/pgbouncer-exporter/internal/pgbrepo/pgbrepo.go:148.2,148.25 1 1
github.com/alexeevoi/pgbouncer-exporter/internal/pgbrepo/pgbrepo.go:109.16,111.3 1 0
github.com/alexeevoi/pgbouncer-exporter/internal/pgbrepo/pgbrepo.go:113.18,118.17 5 1
github.com/alexeevoi/pgbouncer-exporter/internal/pgbrepo/pgbrepo.go:122.3,122.36 1 1
github.com/alexeevoi/pgbouncer-exporter/internal/pgbrepo/pgbrepo.go:118.17,120.4 1 0
github.com/alexeevoi/pgbouncer-exporter/internal/pgbrepo/pgbrepo.go:122.36,123.28 1 12
github.com/alexeevoi/pgbouncer-exporter/internal/pgbrepo/pgbrepo.go:126.4,126.24 1 12
github.com/alexeevoi/pgbouncer-exporter/internal/pgbrepo/pgbrepo.go:132.4,132.29 1 12
github.com/alexeevoi/pgbouncer-exporter/internal/pgbrepo/pgbrepo.go:138.4,138.54 1 12
github.com/alexeevoi/pgbouncer-exporter/internal/pgbrepo/pgbrepo.go:123.28,125.5 1 1
github.com/alexeevoi/pgbouncer-exporter/internal/pgbrepo/pgbrepo.go:126.24,131.5 3 1
github.com/alexeevoi/pgbouncer-exporter/internal/pgbrepo/pgbrepo.go:132.29,137.5 3 1
github.com/alexeevoi/pgbouncer-exporter/internal/pgbrepo/pgbrepo.go:138.54,141.5 2 9
github.com/alexeevoi/pgbouncer-exporter/internal/pgbrepo/pgbrepo.go:144.27,146.3 1 0
github.com/alexeevoi/pgbouncer-exporter/internal/pgbrepo/pgbrepo.go:154.84,158.16 3 1
github.com/alexeevoi/pgbouncer-exporter/internal/pgbrepo/pgbrepo.go:161.2,162.18 2 1
github.com/alexeevoi/pgbouncer-exporter/internal/pgbrepo/pgbrepo.go:179.2,179.27 1 1
github.com/alexeevoi/pgbouncer-exporter/internal/pgbrepo/pgbrepo.go:183.2,183.25 1 1
github.com/alexeevoi/pgbouncer-exporter/internal/pgbrepo/pgbrepo.go:158.16,160.3 1 0
github.com/alexeevoi/pgbouncer-exporter/internal/pgbrepo/pgbrepo.go:162.18,164.17 2 1
github.com/alexeevoi/pgbouncer-exporter/internal/pgbrepo/pgbrepo.go:168.3,168.36 1 1
github.com/alexeevoi/pgbouncer-exporter/internal/pgbrepo/pgbrepo.go:164.17,166.4 1 0
github.com/alexeevoi/pgbouncer-exporter/internal/pgbrepo/pgbrepo.go:168.36,169.28 1 15
github.com/alexeevoi/pgbouncer-exporter/internal/pgbrepo/pgbrepo.go:173.4,173.54 1 15
github.com/alexeevoi/pgbouncer-exporter/internal/pgbrepo/pgbrepo.go:169.28,172.5 2 1
github.com/alexeevoi/pgbouncer-exporter/internal/pgbrepo/pgbrepo.go:173.54,176.5 2 14
github.com/alexeevoi/pgbouncer-exporter/internal/pgbrepo/pgbrepo.go:179.27,181.3 1 0
github.com/alexeevoi/pgbouncer-exporter/internal/pgbrepo/pgbrepo.go:188.84,194.16 4 1
github.com/alexeevoi/pgbouncer-exporter/internal/pgbrepo/pgbrepo.go:198.2,198.32 1 1
github.com/alexeevoi/pgbouncer-exporter/internal/pgbrepo/pgbrepo.go:221.2,221.27 1 1
github.com/alexeevoi/pgbouncer-exporter/internal/pgbrepo/pgbrepo.go:224.2,224.25 1 1
github.com/alexeevoi/pgbouncer-exporter/internal/pgbrepo/pgbrepo.go:194.16,196.3 1 0
github.com/alexeevoi/pgbouncer-exporter/internal/pgbrepo/pgbrepo.go:198.32,201.17 3 12
github.com/alexeevoi/pgbouncer-exporter/internal/pgbrepo/pgbrepo.go:204.3,206.28 3 12
github.com/alexeevoi/pgbouncer-exporter/internal/pgbrepo/pgbrepo.go:218.3,218.80 1 12
github.com/alexeevoi/pgbouncer-exporter/internal/pgbrepo/pgbrepo.go:201.17,203.4 1 0
github.com/alexeevoi/pgbouncer-exporter/internal/pgbrepo/pgbrepo.go:206.28,208.54 1 24
github.com/alexeevoi/pgbouncer-exporter/internal/pgbrepo/pgbrepo.go:213.4,213.18 1 24
github.com/alexeevoi/pgbouncer-exporter/internal/pgbrepo/pgbrepo.go:208.54,210.5 1 12
github.com/alexeevoi/pgbouncer-exporter/internal/pgbrepo/pgbrepo.go:210.10,212.5 1 12
github.com/alexeevoi/pgbouncer-exporter/internal/pgbrepo/pgbrepo.go:213.18,215.5 1 0
github.com/alexeevoi/pgbouncer-exporter/internal/pgbrepo/pgbrepo.go:221.27,223.3 1 0
github.com/alexeevoi/pgbouncer-exporter/internal/collector/metricsdesc.go:9.68,19.39 2 3
github.com/alexeevoi/pgbouncer-exporter/internal/collector/metricsdesc.go:19.39,21.5 1 1
github.com/alexeevoi/pgbouncer-exporter/internal/collector/metricsdesc.go:30.39,32.5 1 1
github.com/alexeevoi/pgbouncer-exporter/internal/collector/metricsdesc.go:41.39,43.5 1 1
github.com/alexeevoi/pgbouncer-exporter/internal/collector/metricsdesc.go:52.39,54.5 1 1
github.com/alexeevoi/pgbouncer-exporter/internal/collector/metricsdesc.go:63.39,65.5 1 1
github.com/alexeevoi/pgbouncer-exporter/internal/collector/metricsdesc.go:74.39,76.5 1 1
github.com/alexeevoi/pgbouncer-exporter/internal/collector/metricsdesc.go:85.39,87.5 1 1
github.com/alexeevoi/pgbouncer-exporter/internal/collector/metricsdesc.go:96.39,98.5 1 1
github.com/alexeevoi/pgbouncer-exporter/internal/collector/metricsdesc.go:107.39,109.5 1 1
github.com/alexeevoi/pgbouncer-exporter/internal/collector/metricsdesc.go:118.39,120.5 1 1
github.com/alexeevoi/pgbouncer-exporter/internal/collector/metricsdesc.go:129.39,131.5 1 1
github.com/alexeevoi/pgbouncer-exporter/internal/collector/metricsdesc.go:140.39,142.5 1 1
github.com/alexeevoi/pgbouncer-exporter/internal/collector/metricsdesc.go:146.68,156.39 2 3
github.com/alexeevoi/pgbouncer-exporter/internal/collector/metricsdesc.go:156.39,158.5 1 1
github.com/alexeevoi/pgbouncer-exporter/internal/collector/metricsdesc.go:167.39,169.5 1 1
github.com/alexeevoi/pgbouncer-exporter/internal/collector/metricsdesc.go:178.39,180.5 1 1
github.com/alexeevoi/pgbouncer-exporter/internal/collector/metricsdesc.go:189.39,191.5 1 1
github.com/alexeevoi/pgbouncer-exporter/internal/collector/metricsdesc.go:200.39,202.5 1 1
github.com/alexeevoi/pgbouncer-exporter/internal/collector/metricsdesc.go:211.39,213.5 1 1
github.com/alexeevoi/pgbouncer-exporter/internal/collector/metricsdesc.go:222.39,224.5 1 1
github.com/alexeevoi/pgbouncer-exporter/internal/collector/metricsdesc.go:233.39,235.5 1 1
github.com/alexeevoi/pgbouncer-exporter/internal/collector/metricsdesc.go:244.39,246.5 1 1
github.com/alexeevoi/pgbouncer-exporter/internal/collector/metricsdesc.go:255.39,257.5 1 1
github.com/alexeevoi/pgbouncer-exporter/internal/collector/metricsdesc.go:261.68,271.39 2 3
github.com/alexeevoi/pgbouncer-exporter/internal/collector/metricsdesc.go:271.39,273.5 1 1
github.com/alexeevoi/pgbouncer-exporter/internal/collector/metricsdesc.go:282.39,284.5 1 1
github.com/alexeevoi/pgbouncer-exporter/internal/collector/metricsdesc.go:293.39,295.5 1 1
github.com/alexeevoi/pgbouncer-exporter/internal/collector/metricsdesc.go:304.39,306.5 1 1
github.com/alexeevoi/pgbouncer-exporter/internal/collector/metricsdesc.go:315.39,317.5 1 1
github.com/alexeevoi/pgbouncer-exporter/internal/collector/metricsdesc.go:326.39,328.5 1 1
github.com/alexeevoi/pgbouncer-exporter/internal/collector/metricsdesc.go:337.39,339.5 1 1
github.com/alexeevoi/pgbouncer-exporter/internal/collector/metricsdesc.go:348.39,350.5 1 1
github.com/alexeevoi/pgbouncer-exporter/internal/collector/metricsdesc.go:359.39,361.5 1 1
github.com/alexeevoi/pgbouncer-exporter/internal/collector/metricsdesc.go:370.39,372.5 1 1
github.com/alexeevoi/pgbouncer-exporter/internal/collector/metricsdesc.go:381.39,383.5 1 1
github.com/alexeevoi/pgbouncer-exporter/internal/collector/metricsdesc.go:392.39,394.5 1 1
github.com/alexeevoi/pgbouncer-exporter/internal/collector/metricsdesc.go:403.39,405.5 1 1
github.com/alexeevoi/pgbouncer-exporter/internal/collector/metricsdesc.go:414.39,416.5 1 1
github.com/alexeevoi/pgbouncer-exporter/internal/collector/pgbcollerctor.go:40.67,41.40 1 1
github.com/alexeevoi/pgbouncer-exporter/internal/collector/pgbcollerctor.go:44.2,44.40 1 1
github.com/alexeevoi/pgbouncer-exporter/internal/collector/pgbcollerctor.go:47.2,47.40 1 1
github.com/alexeevoi/pgbouncer-exporter/internal/collector/pgbcollerctor.go:51.2,52.29 2 1
github.com/alexeevoi/pgbouncer-exporter/internal/collector/pgbcollerctor.go:41.40,43.3 1 12
github.com/alexeevoi/pgbouncer-exporter/internal/collector/pgbcollerctor.go:44.40,46.3 1 10
github.com/alexeevoi/pgbouncer-exporter/internal/collector/pgbcollerctor.go:47.40,49.3 1 14
github.com/alexeevoi/pgbouncer-exporter/internal/collector/pgbcollerctor.go:57.78,59.16 2 2
github.com/alexeevoi/pgbouncer-exporter/internal/collector/pgbcollerctor.go:62.2,62.37 1 1
github.com/alexeevoi/pgbouncer-exporter/internal/collector/pgbcollerctor.go:75.2,75.12 1 1
github.com/alexeevoi/pgbouncer-exporter/internal/collector/pgbcollerctor.go:59.16,61.3 1 1
github.com/alexeevoi/pgbouncer-exporter/internal/collector/pgbcollerctor.go:62.37,63.52 1 1
github.com/alexeevoi/pgbouncer-exporter/internal/collector/pgbcollerctor.go:63.52,64.59 1 14
github.com/alexeevoi/pgbouncer-exporter/internal/collector/pgbcollerctor.go:64.59,71.5 1 14
github.com/alexeevoi/pgbouncer-exporter/internal/collector/pgbcollerctor.go:80.78,82.16 2 2
github.com/alexeevoi/pgbouncer-exporter/internal/collector/pgbcollerctor.go:85.2,85.36 1 1
github.com/alexeevoi/pgbouncer-exporter/internal/collector/pgbcollerctor.go:99.2,99.12 1 1
github.com/alexeevoi/pgbouncer-exporter/internal/collector/pgbcollerctor.go:82.16,84.3 1 1
github.com/alexeevoi/pgbouncer-exporter/internal/collector/pgbcollerctor.go:85.36,86.52 1 1
github.com/alexeevoi/pgbouncer-exporter/internal/collector/pgbcollerctor.go:86.52,87.59 1 10
github.com/alexeevoi/pgbouncer-exporter/internal/collector/pgbcollerctor.go:87.59,95.5 1 10
github.com/alexeevoi/pgbouncer-exporter/internal/collector/pgbcollerctor.go:104.78,107.16 2 2
github.com/alexeevoi/pgbouncer-exporter/internal/collector/pgbcollerctor.go:110.2,110.36 1 1
github.com/alexeevoi/pgbouncer-exporter/internal/collector/pgbcollerctor.go:122.2,122.12 1 1
github.com/alexeevoi/pgbouncer-exporter/internal/collector/pgbcollerctor.go:107.16,109.3 1 1
github.com/alexeevoi/pgbouncer-exporter/internal/collector/pgbcollerctor.go:110.36,111.52 1 1
github.com/alexeevoi/pgbouncer-exporter/internal/collector/pgbcollerctor.go:111.52,112.59 1 12
github.com/alexeevoi/pgbouncer-exporter/internal/collector/pgbcollerctor.go:112.59,118.5 1 12
github.com/alexeevoi/pgbouncer-exporter/internal/collector/pgbcollerctor.go:129.67,139.16 4 0
github.com/alexeevoi/pgbouncer-exporter/internal/collector/pgbcollerctor.go:143.2,144.16 2 0
github.com/alexeevoi/pgbouncer-exporter/internal/collector/pgbcollerctor.go:148.2,149.16 2 0
github.com/alexeevoi/pgbouncer-exporter/internal/collector/pgbcollerctor.go:154.2,158.3 1 0
github.com/alexeevoi/pgbouncer-exporter/internal/collector/pgbcollerctor.go:139.16,142.3 2 0
github.com/alexeevoi/pgbouncer-exporter/internal/collector/pgbcollerctor.go:144.16,147.3 2 0
github.com/alexeevoi/pgbouncer-exporter/internal/collector/pgbcollerctor.go:149.16,152.3 2 0
github.com/alexeevoi/pgbouncer-exporter/internal/collector/pgbcollerctor.go:162.100,185.2 2 3
github.com/alexeevoi/pgbouncer-exporter/internal/pgbouncer-exporter/pgbouncer-exporter.go:20.71,22.16 2 2
github.com/alexeevoi/pgbouncer-exporter/internal/pgbouncer-exporter/pgbouncer-exporter.go:25.2,25.16 1 2
github.com/alexeevoi/pgbouncer-exporter/internal/pgbouncer-exporter/pgbouncer-exporter.go:22.16,24.3 1 0
github.com/alexeevoi/pgbouncer-exporter/internal/pgbouncer-exporter/pgbouncer-exporter.go:29.48,31.2 1 2
github.com/alexeevoi/pgbouncer-exporter/internal/pgbouncer-exporter/pgbouncer-exporter.go:34.41,36.27 2 1
github.com/alexeevoi/pgbouncer-exporter/internal/pgbouncer-exporter/pgbouncer-exporter.go:39.2,39.15 1 1
github.com/alexeevoi/pgbouncer-exporter/internal/pgbouncer-exporter/pgbouncer-exporter.go:36.27,38.3 1 2
github.com/alexeevoi/pgbouncer-exporter/internal/pgbouncer-exporter/pgbouncer-exporter.go:44.88,46.57 2 1
github.com/alexeevoi/pgbouncer-exporter/internal/pgbouncer-exporter/pgbouncer-exporter.go:59.2,59.15 1 1
github.com/alexeevoi/pgbouncer-exporter/internal/pgbouncer-exporter/pgbouncer-exporter.go:46.57,49.17 3 2
github.com/alexeevoi/pgbouncer-exporter/internal/pgbouncer-exporter/pgbouncer-exporter.go:54.3,56.26 3 2
github.com/alexeevoi/pgbouncer-exporter/internal/pgbouncer-exporter/pgbouncer-exporter.go:49.17,52.4 2 0
github.com/alexeevoi/pgbouncer-exporter/internal/pgbouncer-exporter/pgbouncer-exporter.go:63.60,67.16 4 1
github.com/alexeevoi/pgbouncer-exporter/internal/pgbouncer-exporter/pgbouncer-exporter.go:70.2,70.12 1 0
github.com/alexeevoi/pgbouncer-exporter/internal/pgbouncer-exporter/pgbouncer-exporter.go:67.16,69.3 1 1
